<?xml version="1.0" encoding="UTF-8"?>
<!-- Generated by org.testng.reporters.JUnitReportReporter -->
<testsuite skipped="0" hostname="KI-LAPTOP174" name="tests.PlaceOrderTest" tests="1" failures="0" timestamp="08 Aug 2022 14:57:56 GMT" time="14.701" errors="0">
  <testcase name="placeOrderTest" time="14.701" classname="tests.PlaceOrderTest"/>
</testsuite> <!-- tests.PlaceOrderTest -->
