<?xml version="1.0" encoding="UTF-8"?>
<!-- Generated by org.testng.reporters.JUnitReportReporter -->
<testsuite skipped="0" hostname="KI-LAPTOP174" name="tests.PlaceOrderTest" tests="1" failures="0" timestamp="09 Aug 2022 14:45:39 GMT" time="14.843" errors="0">
  <testcase name="placeOrderTest" time="14.843" classname="tests.PlaceOrderTest"/>
</testsuite> <!-- tests.PlaceOrderTest -->
