<?xml version="1.0" encoding="UTF-8"?>
<!-- Generated by org.testng.reporters.JUnitReportReporter -->
<testsuite skipped="0" hostname="KI-LAPTOP174" name="tests.submitformsTest" tests="2" failures="0" timestamp="09 Aug 2022 14:45:39 GMT" time="14.369" errors="0">
  <testcase name="formSubmission" time="7.462" classname="tests.submitformsTest"/>
  <testcase name="formSubmission" time="6.907" classname="tests.submitformsTest"/>
</testsuite> <!-- tests.submitformsTest -->
