<?xml version="1.0" encoding="UTF-8"?>
<!-- Generated by org.testng.reporters.JUnitReportReporter -->
<testsuite skipped="0" hostname="KI-LAPTOP174" name="tests.submitformsTest" tests="2" failures="0" timestamp="08 Aug 2022 14:57:56 GMT" time="14.053" errors="0">
  <testcase name="formSubmission" time="7.166" classname="tests.submitformsTest"/>
  <testcase name="formSubmission" time="6.887" classname="tests.submitformsTest"/>
</testsuite> <!-- tests.submitformsTest -->
